#
# There is insufficient memory for the Java Runtime Environment to continue.
# Native memory allocation (mmap) failed to map 67108864 bytes for G1 virtual space
# Possible reasons:
#   The system is out of physical RAM or swap space
#   The process is running with CompressedOops enabled, and the Java Heap may be blocking the growth of the native heap
# Possible solutions:
#   Reduce memory load on the system
#   Increase physical memory or swap space
#   Check if swap backing store is full
#   Decrease Java heap size (-Xmx/-Xms)
#   Decrease number of Java threads
#   Decrease Java thread stack sizes (-Xss)
#   Set larger code cache with -XX:ReservedCodeCacheSize=
#   JVM is running with Unscaled Compressed Oops mode in which the Java heap is
#     placed in the first 4GB address space. The Java Heap base address is the
#     maximum limit for the native heap growth. Please use -XX:HeapBaseMinAddress
#     to set the Java Heap base and to place the Java Heap above 4GB virtual address.
# This output file may be truncated or incomplete.
#
#  Out of Memory Error (os_windows.cpp:3550), pid=10636, tid=13036
#
# JRE version:  (17.0.7+8) (build )
# Java VM: Java HotSpot(TM) 64-Bit Server VM (17.0.7+8-LTS-224, mixed mode, sharing, tiered, compressed oops, compressed class ptrs, g1 gc, windows-amd64)
# No core dump will be written. Minidumps are not enabled by default on client versions of Windows
#

---------------  S U M M A R Y ------------

Command Line: -Dfile.encoding=UTF-8 -Dstdout.encoding=UTF-8 -Dstderr.encoding=UTF-8 -XX:+ShowCodeDetailsInExceptionMessages SearchRoom

Host: Intel(R) Core(TM) i3-4005U CPU @ 1.70GHz, 4 cores, 3G,  Windows 10 , 64 bit Build 19041 (10.0.19041.3636)
Time: Fri Dec 29 10:52:00 2023 Pacific Standard Time elapsed time: 0.292990 seconds (0d 0h 0m 0s)

---------------  T H R E A D  ---------------

Current thread (0x0000028aff9509e0):  JavaThread "Unknown thread" [_thread_in_vm, id=13036, stack(0x000000be8d800000,0x000000be8d900000)]

Stack: [0x000000be8d800000,0x000000be8d900000]
Native frames: (J=compiled Java code, j=interpreted, Vv=VM code, C=native code)
V  [jvm.dll+0x676a4a]
V  [jvm.dll+0x7d74f4]
V  [jvm.dll+0x7d8c9e]
V  [jvm.dll+0x7d9303]
V  [jvm.dll+0x2452c5]
V  [jvm.dll+0x6738f9]
V  [jvm.dll+0x668232]
V  [jvm.dll+0x302826]
V  [jvm.dll+0x309da6]
V  [jvm.dll+0x35952e]
V  [jvm.dll+0x35975f]
V  [jvm.dll+0x2d9a38]
V  [jvm.dll+0x2da9a4]
V  [jvm.dll+0x7a8fb1]
V  [jvm.dll+0x3670e1]
V  [jvm.dll+0x788359]
V  [jvm.dll+0x3ea5ef]
V  [jvm.dll+0x3ec071]
C  [jli.dll+0x5297]
C  [ucrtbase.dll+0x21bb2]
C  [KERNEL32.DLL+0x17344]
C  [ntdll.dll+0x526b1]


---------------  P R O C E S S  ---------------

Threads class SMR info:
_java_thread_list=0x00007ffe733a4998, length=0, elements={
}

Java Threads: ( => current thread )

Other Threads:
  0x0000028aff98b500 GCTaskThread "GC Thread#0" [stack: 0x000000be8d900000,0x000000be8da00000] [id=1988]
  0x0000028aff995840 ConcurrentGCThread "G1 Main Marker" [stack: 0x000000be8da00000,0x000000be8db00000] [id=17236]
  0x0000028aff997170 ConcurrentGCThread "G1 Conc#0" [stack: 0x000000be8db00000,0x000000be8dc00000] [id=15764]

[error occurred during error reporting (printing all threads), id 0xc0000005, EXCEPTION_ACCESS_VIOLATION (0xc0000005) at pc=0x00007ffe72bda697]

VM state: not at safepoint (not fully initialized)

VM Mutex/Monitor currently owned by a thread:  ([mutex/lock_event])
[0x0000028aff94b7f0] Heap_lock - owner thread: 0x0000028aff9509e0

Heap address: 0x00000000c1600000, size: 1002 MB, Compressed Oops mode: 32-bit

CDS archive(s) mapped at: [0x0000000000000000-0x0000000000000000-0x0000000000000000), size 0, SharedBaseAddress: 0x0000000800000000, ArchiveRelocationMode: 0.
Narrow klass base: 0x0000000000000000, Narrow klass shift: 0, Narrow klass range: 0x0

GC Precious Log:
<Empty>

Heap:
 garbage-first heap   total 0K, used 0K [0x00000000c1600000, 0x0000000100000000)
  region size 1024K, 0 young (0K), 0 survivors (0K)

[error occurred during error reporting (printing heap information), id 0xc0000005, EXCEPTION_ACCESS_VIOLATION (0xc0000005) at pc=0x00007ffe72fc00b9]

GC Heap History (0 events):
No events

Deoptimization events (0 events):
No events

Classes unloaded (0 events):
No events

Classes redefined (0 events):
No events

Internal exceptions (0 events):
No events

VM Operations (0 events):
No events

Events (1 events):
Event: 0.011 Loaded shared library C:\Program Files\Java\jdk-17\bin\java.dll


Dynamic libraries:
0x00007ff7ab2c0000 - 0x00007ff7ab2d0000 	C:\Program Files\Java\jdk-17\bin\javaw.exe
0x00007ffe86e10000 - 0x00007ffe87008000 	C:\Windows\SYSTEM32\ntdll.dll
0x00007ffe85e80000 - 0x00007ffe85f3d000 	C:\Windows\System32\KERNEL32.DLL
0x00007ffe84a70000 - 0x00007ffe84d66000 	C:\Windows\System32\KERNELBASE.dll
0x00007ffe84d70000 - 0x00007ffe84e70000 	C:\Windows\System32\ucrtbase.dll
0x00007ffe7f4d0000 - 0x00007ffe7f4eb000 	C:\Program Files\Java\jdk-17\bin\VCRUNTIME140.dll
0x00007ffe7f6f0000 - 0x00007ffe7f709000 	C:\Program Files\Java\jdk-17\bin\jli.dll
0x00007ffe84e70000 - 0x00007ffe84f1f000 	C:\Windows\System32\ADVAPI32.dll
0x00007ffe85b20000 - 0x00007ffe85bbe000 	C:\Windows\System32\msvcrt.dll
0x00007ffe85970000 - 0x00007ffe85a0c000 	C:\Windows\System32\sechost.dll
0x00007ffe86380000 - 0x00007ffe864a6000 	C:\Windows\System32\RPCRT4.dll
0x00007ffe85ce0000 - 0x00007ffe85e7e000 	C:\Windows\System32\USER32.dll
0x00007ffe71d60000 - 0x00007ffe71ffa000 	C:\Windows\WinSxS\amd64_microsoft.windows.common-controls_6595b64144ccf1df_6.0.19041.3636_none_60b6a03d71f818d5\COMCTL32.dll
0x00007ffe84890000 - 0x00007ffe848b2000 	C:\Windows\System32\win32u.dll
0x00007ffe85af0000 - 0x00007ffe85b1c000 	C:\Windows\System32\GDI32.dll
0x00007ffe844f0000 - 0x00007ffe8460a000 	C:\Windows\System32\gdi32full.dll
0x00007ffe848c0000 - 0x00007ffe8495d000 	C:\Windows\System32\msvcp_win.dll
0x00007ffe7a310000 - 0x00007ffe7a31a000 	C:\Windows\SYSTEM32\VERSION.dll
0x00007ffe851e0000 - 0x00007ffe85210000 	C:\Windows\System32\IMM32.DLL
0x00007ffe7fa50000 - 0x00007ffe7fa5c000 	C:\Program Files\Java\jdk-17\bin\vcruntime140_1.dll
0x00007ffe71af0000 - 0x00007ffe71b7e000 	C:\Program Files\Java\jdk-17\bin\msvcp140.dll
0x00007ffe728f0000 - 0x00007ffe734cd000 	C:\Program Files\Java\jdk-17\bin\server\jvm.dll
0x00007ffe85ae0000 - 0x00007ffe85ae8000 	C:\Windows\System32\PSAPI.DLL
0x00007ffe75250000 - 0x00007ffe75259000 	C:\Windows\SYSTEM32\WSOCK32.dll
0x00007ffe858a0000 - 0x00007ffe8590b000 	C:\Windows\System32\WS2_32.dll
0x00007ffe77c80000 - 0x00007ffe77ca7000 	C:\Windows\SYSTEM32\WINMM.dll
0x00007ffe823b0000 - 0x00007ffe823c2000 	C:\Windows\SYSTEM32\kernel.appcore.dll
0x00007ffe73fd0000 - 0x00007ffe73fda000 	C:\Program Files\Java\jdk-17\bin\jimage.dll
0x00007ffe7d790000 - 0x00007ffe7d974000 	C:\Windows\SYSTEM32\DBGHELP.DLL
0x00007ffe7d3b0000 - 0x00007ffe7d3e4000 	C:\Windows\SYSTEM32\dbgcore.DLL
0x00007ffe84990000 - 0x00007ffe84a12000 	C:\Windows\System32\bcryptPrimitives.dll
0x00007ffe73fa0000 - 0x00007ffe73fc5000 	C:\Program Files\Java\jdk-17\bin\java.dll

dbghelp: loaded successfully - version: 4.0.5 - missing functions: none
symbol engine: initialized successfully - sym options: 0x614 - pdb path: .;C:\Program Files\Java\jdk-17\bin;C:\Windows\SYSTEM32;C:\Windows\WinSxS\amd64_microsoft.windows.common-controls_6595b64144ccf1df_6.0.19041.3636_none_60b6a03d71f818d5;C:\Program Files\Java\jdk-17\bin\server

VM Arguments:
jvm_args: -Dfile.encoding=UTF-8 -Dstdout.encoding=UTF-8 -Dstderr.encoding=UTF-8 -XX:+ShowCodeDetailsInExceptionMessages 
java_command: SearchRoom
java_class_path (initial): F:\JAVA_Eclipse\Hotal\build\classes;C:\apache-tomcat-9.0.83-windows-x64\apache-tomcat-9.0.83\lib\annotations-api.jar;C:\apache-tomcat-9.0.83-windows-x64\apache-tomcat-9.0.83\lib\catalina-ant.jar;C:\apache-tomcat-9.0.83-windows-x64\apache-tomcat-9.0.83\lib\catalina-ha.jar;C:\apache-tomcat-9.0.83-windows-x64\apache-tomcat-9.0.83\lib\catalina-ssi.jar;C:\apache-tomcat-9.0.83-windows-x64\apache-tomcat-9.0.83\lib\catalina-storeconfig.jar;C:\apache-tomcat-9.0.83-windows-x64\apache-tomcat-9.0.83\lib\catalina-tribes.jar;C:\apache-tomcat-9.0.83-windows-x64\apache-tomcat-9.0.83\lib\catalina.jar;C:\apache-tomcat-9.0.83-windows-x64\apache-tomcat-9.0.83\lib\ecj-4.20.jar;C:\apache-tomcat-9.0.83-windows-x64\apache-tomcat-9.0.83\lib\el-api.jar;C:\apache-tomcat-9.0.83-windows-x64\apache-tomcat-9.0.83\lib\jasper-el.jar;C:\apache-tomcat-9.0.83-windows-x64\apache-tomcat-9.0.83\lib\jasper.jar;C:\apache-tomcat-9.0.83-windows-x64\apache-tomcat-9.0.83\lib\jaspic-api.jar;C:\apache-tomcat-9.0.83-windows-x64\apache-tomcat-9.0.83\lib\jsp-api.jar;C:\apache-tomcat-9.0.83-windows-x64\apache-tomcat-9.0.83\lib\servlet-api.jar;C:\apache-tomcat-9.0.83-windows-x64\apache-tomcat-9.0.83\lib\tomcat-api.jar;C:\apache-tomcat-9.0.83-windows-x64\apache-tomcat-9.0.83\lib\tomcat-coyote.jar;C:\apache-tomcat-9.0.83-windows-x64\apache-tomcat-9.0.83\lib\tomcat-dbcp.jar;C:\apache-tomcat-9.0.83-windows-x64\apache-tomcat-9.0.83\lib\tomcat-i18n-cs.jar;C:\apache-tomcat-9.0.83-windows-x64\apache-tomcat-9.0.83\lib\tomcat-i18n-de.jar;C:\apache-tomcat-9.0.83-windows-x64\apache-tomcat-9.0.83\lib\tomcat-i18n-es.jar;C:\apache-tomcat-9.0.83-windows-x64\apache-tomcat-9.0.83\lib\tomcat-i18n-fr.jar;C:\apache-tomcat-9.0.83-windows-x64\apache-tomcat-9.0.83\lib\tomcat-i18n-ja.jar;C:\apache-tomcat-9.0.83-windows-x64\apache-tomcat-9.0.83\lib\tomcat-i18n-ko.jar;C:\apache-tomcat-9.0.83-windows-x64\apache-tomcat-9.0.83\lib\tomcat-i18n-pt-BR.jar;C:\apache-tomcat-9.0.83-windows-x64\apache-tomcat-9.0.83\lib\tomca
Launcher Type: SUN_STANDARD

[Global flags]
     intx CICompilerCount                          = 3                                         {product} {ergonomic}
     uint ConcGCThreads                            = 1                                         {product} {ergonomic}
     uint G1ConcRefinementThreads                  = 4                                         {product} {ergonomic}
   size_t G1HeapRegionSize                         = 1048576                                   {product} {ergonomic}
    uintx GCDrainStackTargetSize                   = 64                                        {product} {ergonomic}
   size_t InitialHeapSize                          = 67108864                                  {product} {ergonomic}
   size_t MarkStackSize                            = 4194304                                   {product} {ergonomic}
   size_t MaxHeapSize                              = 1050673152                                {product} {ergonomic}
   size_t MinHeapDeltaBytes                        = 1048576                                   {product} {ergonomic}
   size_t MinHeapSize                              = 8388608                                   {product} {ergonomic}
    uintx NonNMethodCodeHeapSize                   = 5832780                                {pd product} {ergonomic}
    uintx NonProfiledCodeHeapSize                  = 122912730                              {pd product} {ergonomic}
    uintx ProfiledCodeHeapSize                     = 122912730                              {pd product} {ergonomic}
    uintx ReservedCodeCacheSize                    = 251658240                              {pd product} {ergonomic}
     bool SegmentedCodeCache                       = true                                      {product} {ergonomic}
     bool ShowCodeDetailsInExceptionMessages       = true                                   {manageable} {command line}
   size_t SoftMaxHeapSize                          = 1050673152                             {manageable} {ergonomic}
     bool UseCompressedClassPointers               = true                           {product lp64_product} {ergonomic}
     bool UseCompressedOops                        = true                           {product lp64_product} {ergonomic}
     bool UseG1GC                                  = true                                      {product} {ergonomic}
     bool UseLargePagesIndividualAllocation        = false                                  {pd product} {ergonomic}

Logging:
Log output configuration:
 #0: stdout all=warning uptime,level,tags
 #1: stderr all=off uptime,level,tags

Environment Variables:
PATH=C:\oraclexe\app\oracle\product\11.2.0\server\bin;;C:\Program Files\Common Files\Oracle\Java\javapath;C:\Windows\system32;C:\Windows;C:\Windows\System32\Wbem;C:\Windows\System32\WindowsPowerShell\v1.0\;C:\Windows\System32\OpenSSH\;C:\Program Files\MySQL\MySQL Shell 8.0\bin\;C:\Users\WIN 10\AppData\Local\Microsoft\WindowsApps;;C:\App\Microsoft VS Code\bin
USERNAME=WIN 10
OS=Windows_NT
PROCESSOR_IDENTIFIER=Intel64 Family 6 Model 69 Stepping 1, GenuineIntel



---------------  S Y S T E M  ---------------

OS:
 Windows 10 , 64 bit Build 19041 (10.0.19041.3636)
OS uptime: 5 days 5:26 hours

CPU: total 4 (initial active 4) (2 cores per cpu, 2 threads per core) family 6 model 69 stepping 1 microcode 0x25, cx8, cmov, fxsr, ht, mmx, sse, sse2, sse3, ssse3, sse4.1, sse4.2, popcnt, lzcnt, tsc, tscinvbit, avx, avx2, aes, erms, clmul, bmi1, bmi2, fma, vzeroupper, clflush

Memory: 4k page, system-wide physical 4000M (424M free)
TotalPageFile size 16288M (AvailPageFile size 12M)
current process WorkingSet (physical memory assigned to process): 10M, peak: 10M
current process commit charge ("private bytes"): 51M, peak: 115M

vm_info: Java HotSpot(TM) 64-Bit Server VM (17.0.7+8-LTS-224) for windows-amd64 JRE (17.0.7+8-LTS-224), built on Feb 28 2023 23:03:02 by "mach5one" with MS VC++ 17.1 (VS2022)

END.
