#
# There is insufficient memory for the Java Runtime Environment to continue.
# Native memory allocation (mmap) failed to map 65536 bytes for Failed to commit metaspace.
# Possible reasons:
#   The system is out of physical RAM or swap space
#   The process is running with CompressedOops enabled, and the Java Heap may be blocking the growth of the native heap
# Possible solutions:
#   Reduce memory load on the system
#   Increase physical memory or swap space
#   Check if swap backing store is full
#   Decrease Java heap size (-Xmx/-Xms)
#   Decrease number of Java threads
#   Decrease Java thread stack sizes (-Xss)
#   Set larger code cache with -XX:ReservedCodeCacheSize=
#   JVM is running with Unscaled Compressed Oops mode in which the Java heap is
#     placed in the first 4GB address space. The Java Heap base address is the
#     maximum limit for the native heap growth. Please use -XX:HeapBaseMinAddress
#     to set the Java Heap base and to place the Java Heap above 4GB virtual address.
# This output file may be truncated or incomplete.
#
#  Out of Memory Error (virtualSpaceNode.cpp:110), pid=540, tid=13500
#
# JRE version: Java(TM) SE Runtime Environment (17.0.7+8) (build 17.0.7+8-LTS-224)
# Java VM: Java HotSpot(TM) 64-Bit Server VM (17.0.7+8-LTS-224, mixed mode, tiered, compressed oops, compressed class ptrs, g1 gc, windows-amd64)
# No core dump will be written. Minidumps are not enabled by default on client versions of Windows
#

---------------  S U M M A R Y ------------

Command Line: -Dfile.encoding=UTF-8 -Dstdout.encoding=UTF-8 -Dstderr.encoding=UTF-8 -XX:+ShowCodeDetailsInExceptionMessages Reception

Host: Intel(R) Core(TM) i3-4005U CPU @ 1.70GHz, 4 cores, 3G,  Windows 10 , 64 bit Build 19041 (10.0.19041.3636)
Time: Thu Dec 28 09:52:25 2023 Pacific Standard Time elapsed time: 0.745275 seconds (0d 0h 0m 0s)

---------------  T H R E A D  ---------------

Current thread (0x0000022526a20c70):  JavaThread "main" [_thread_in_vm, id=13500, stack(0x000000f67a600000,0x000000f67a700000)]

Stack: [0x000000f67a600000,0x000000f67a700000]
Native frames: (J=compiled Java code, j=interpreted, Vv=VM code, C=native code)
V  [jvm.dll+0x676a4a]
V  [jvm.dll+0x7d74f4]
V  [jvm.dll+0x7d8c9e]
V  [jvm.dll+0x7d9303]
V  [jvm.dll+0x2452c5]
V  [jvm.dll+0x7d35fb]
V  [jvm.dll+0x61ca36]
V  [jvm.dll+0x1bfbf7]
V  [jvm.dll+0x61f390]
V  [jvm.dll+0x61d3f6]
V  [jvm.dll+0x369442]
V  [jvm.dll+0x1e157b]
V  [jvm.dll+0x53cf35]
V  [jvm.dll+0x1f06da]
V  [jvm.dll+0x75156d]
V  [jvm.dll+0x752953]
V  [jvm.dll+0x752c88]
V  [jvm.dll+0x23d78b]
V  [jvm.dll+0x37cdde]
C  0x0000022536feb6e4

Java frames: (J=compiled Java code, j=interpreted, Vv=VM code)
j  java.lang.invoke.LambdaMetafactory.metafactory(Ljava/lang/invoke/MethodHandles$Lookup;Ljava/lang/String;Ljava/lang/invoke/MethodType;Ljava/lang/invoke/MethodType;Ljava/lang/invoke/MethodHandle;Ljava/lang/invoke/MethodType;)Ljava/lang/invoke/CallSite;+0 java.base@17.0.7
j  java.lang.invoke.DirectMethodHandle$Holder.invokeStatic(Ljava/lang/Object;Ljava/lang/Object;Ljava/lang/Object;Ljava/lang/Object;Ljava/lang/Object;Ljava/lang/Object;Ljava/lang/Object;)Ljava/lang/Object;+20 java.base@17.0.7
j  java.lang.invoke.Invokers$Holder.invokeExact_MT(Ljava/lang/Object;Ljava/lang/Object;Ljava/lang/Object;Ljava/lang/Object;Ljava/lang/Object;Ljava/lang/Object;Ljava/lang/Object;Ljava/lang/Object;)Ljava/lang/Object;+28 java.base@17.0.7
j  java.lang.invoke.BootstrapMethodInvoker.invoke(Ljava/lang/Class;Ljava/lang/invoke/MethodHandle;Ljava/lang/String;Ljava/lang/Object;Ljava/lang/Object;Ljava/lang/Class;)Ljava/lang/Object;+319 java.base@17.0.7
j  java.lang.invoke.CallSite.makeSite(Ljava/lang/invoke/MethodHandle;Ljava/lang/String;Ljava/lang/invoke/MethodType;Ljava/lang/Object;Ljava/lang/Class;)Ljava/lang/invoke/CallSite;+8 java.base@17.0.7
j  java.lang.invoke.MethodHandleNatives.linkCallSiteImpl(Ljava/lang/Class;Ljava/lang/invoke/MethodHandle;Ljava/lang/String;Ljava/lang/invoke/MethodType;Ljava/lang/Object;[Ljava/lang/Object;)Ljava/lang/invoke/MemberName;+6 java.base@17.0.7
j  java.lang.invoke.MethodHandleNatives.linkCallSite(Ljava/lang/Object;ILjava/lang/Object;Ljava/lang/Object;Ljava/lang/Object;Ljava/lang/Object;[Ljava/lang/Object;)Ljava/lang/invoke/MemberName;+46 java.base@17.0.7
v  ~StubRoutines::call_stub
j  java.util.ResourceBundle.getLoader(Ljava/lang/Module;)Ljava/lang/ClassLoader;+6 java.base@17.0.7
j  java.util.ResourceBundle.getBundleImpl(Ljava/lang/String;Ljava/util/Locale;Ljava/lang/Class;Ljava/lang/ClassLoader;Ljava/util/ResourceBundle$Control;)Ljava/util/ResourceBundle;+31 java.base@17.0.7
j  java.util.ResourceBundle.getBundleImpl(Ljava/lang/String;Ljava/util/Locale;Ljava/lang/Class;Ljava/util/ResourceBundle$Control;)Ljava/util/ResourceBundle;+8 java.base@17.0.7
j  java.util.ResourceBundle.getBundle(Ljava/lang/String;)Ljava/util/ResourceBundle;+14 java.base@17.0.7
j  java.awt.Toolkit$4.run()Ljava/lang/Void;+2 java.desktop@17.0.7
j  java.awt.Toolkit$4.run()Ljava/lang/Object;+1 java.desktop@17.0.7
j  java.security.AccessController.executePrivileged(Ljava/security/PrivilegedAction;Ljava/security/AccessControlContext;Ljava/lang/Class;)Ljava/lang/Object;+29 java.base@17.0.7
j  java.security.AccessController.doPrivileged(Ljava/security/PrivilegedAction;)Ljava/lang/Object;+5 java.base@17.0.7
j  java.awt.Toolkit.initStatic()V+17 java.desktop@17.0.7
j  java.awt.Toolkit.<clinit>()V+20 java.desktop@17.0.7
v  ~StubRoutines::call_stub
j  java.awt.Component.<clinit>()V+93 java.desktop@17.0.7
v  ~StubRoutines::call_stub

---------------  P R O C E S S  ---------------

Threads class SMR info:
_java_thread_list=0x00000225448fdaa0, length=12, elements={
0x0000022526a20c70, 0x0000022543c24630, 0x0000022526ae1e90, 0x0000022543bfa1e0,
0x0000022543c36560, 0x0000022543c36a30, 0x0000022543c3d740, 0x0000022543c407b0,
0x0000022543c420c0, 0x0000022543c4b930, 0x000002254492ace0, 0x0000022544941020
}

Java Threads: ( => current thread )
=>0x0000022526a20c70 JavaThread "main" [_thread_in_vm, id=13500, stack(0x000000f67a600000,0x000000f67a700000)]
  0x0000022543c24630 JavaThread "Reference Handler" daemon [_thread_blocked, id=6668, stack(0x000000f67ad00000,0x000000f67ae00000)]
  0x0000022526ae1e90 JavaThread "Finalizer" daemon [_thread_blocked, id=16100, stack(0x000000f67ae00000,0x000000f67af00000)]
  0x0000022543bfa1e0 JavaThread "Signal Dispatcher" daemon [_thread_blocked, id=16976, stack(0x000000f67af00000,0x000000f67b000000)]
  0x0000022543c36560 JavaThread "Attach Listener" daemon [_thread_blocked, id=5596, stack(0x000000f67b000000,0x000000f67b100000)]
  0x0000022543c36a30 JavaThread "Service Thread" daemon [_thread_blocked, id=10892, stack(0x000000f67b100000,0x000000f67b200000)]
  0x0000022543c3d740 JavaThread "Monitor Deflation Thread" daemon [_thread_blocked, id=2024, stack(0x000000f67b200000,0x000000f67b300000)]
  0x0000022543c407b0 JavaThread "C2 CompilerThread0" daemon [_thread_blocked, id=8164, stack(0x000000f67b300000,0x000000f67b400000)]
  0x0000022543c420c0 JavaThread "C1 CompilerThread0" daemon [_thread_blocked, id=7620, stack(0x000000f67b400000,0x000000f67b500000)]
  0x0000022543c4b930 JavaThread "Sweeper thread" daemon [_thread_blocked, id=9100, stack(0x000000f67b500000,0x000000f67b600000)]
  0x000002254492ace0 JavaThread "Notification Thread" daemon [_thread_blocked, id=13308, stack(0x000000f67b600000,0x000000f67b700000)]
  0x0000022544941020 JavaThread "Common-Cleaner" daemon [_thread_blocked, id=15948, stack(0x000000f67b800000,0x000000f67b900000)]

Other Threads:
  0x0000022543c0e020 VMThread "VM Thread" [stack: 0x000000f67ac00000,0x000000f67ad00000] [id=8996]
  0x0000022526a6e120 WatcherThread [stack: 0x000000f67b700000,0x000000f67b800000] [id=1036]
  0x0000022526a5bf00 GCTaskThread "GC Thread#0" [stack: 0x000000f67a700000,0x000000f67a800000] [id=8044]
  0x0000022526a65aa0 ConcurrentGCThread "G1 Main Marker" [stack: 0x000000f67a800000,0x000000f67a900000] [id=7500]
  0x0000022526a67b70 ConcurrentGCThread "G1 Conc#0" [stack: 0x000000f67a900000,0x000000f67aa00000] [id=2624]
  0x0000022526ab7090 ConcurrentGCThread "G1 Refine#0" [stack: 0x000000f67aa00000,0x000000f67ab00000] [id=17184]
  0x0000022526ab8c70 ConcurrentGCThread "G1 Service" [stack: 0x000000f67ab00000,0x000000f67ac00000] [id=12564]

Threads with active compile tasks:

VM state: not at safepoint (normal execution)

VM Mutex/Monitor currently owned by a thread:  ([mutex/lock_event])
[0x0000022526a19460] Metaspace_lock - owner thread: 0x0000022526a20c70

Heap address: 0x00000000c1600000, size: 1002 MB, Compressed Oops mode: 32-bit

CDS archive(s) not mapped
Compressed class space mapped at: 0x0000000100000000-0x0000000140000000, reserved size: 1073741824
Narrow klass base: 0x0000000000000000, Narrow klass shift: 3, Narrow klass range: 0x140000000

GC Precious Log:
 CPUs: 4 total, 4 available
 Memory: 4000M
 Large Page Support: Disabled
 NUMA Support: Disabled
 Compressed Oops: Enabled (32-bit)
 Heap Region Size: 1M
 Heap Min Capacity: 8M
 Heap Initial Capacity: 64M
 Heap Max Capacity: 1002M
 Pre-touch: Disabled
 Parallel Workers: 4
 Concurrent Workers: 1
 Concurrent Refinement Workers: 4
 Periodic GC: Disabled

Heap:
 garbage-first heap   total 65536K, used 2048K [0x00000000c1600000, 0x0000000100000000)
  region size 1024K, 3 young (3072K), 0 survivors (0K)
 Metaspace       used 6085K, committed 6208K, reserved 1056768K
  class space    used 507K, committed 512K, reserved 1048576K

Heap Regions: E=young(eden), S=young(survivor), O=old, HS=humongous(starts), HC=humongous(continues), CS=collection set, F=free, OA=open archive, CA=closed archive, TAMS=top-at-mark-start (previous, next)
|   0|0x00000000c1600000, 0x00000000c1600000, 0x00000000c1700000|  0%| F|  |TAMS 0x00000000c1600000, 0x00000000c1600000| Untracked 
|   1|0x00000000c1700000, 0x00000000c1700000, 0x00000000c1800000|  0%| F|  |TAMS 0x00000000c1700000, 0x00000000c1700000| Untracked 
|   2|0x00000000c1800000, 0x00000000c1800000, 0x00000000c1900000|  0%| F|  |TAMS 0x00000000c1800000, 0x00000000c1800000| Untracked 
|   3|0x00000000c1900000, 0x00000000c1900000, 0x00000000c1a00000|  0%| F|  |TAMS 0x00000000c1900000, 0x00000000c1900000| Untracked 
|   4|0x00000000c1a00000, 0x00000000c1a00000, 0x00000000c1b00000|  0%| F|  |TAMS 0x00000000c1a00000, 0x00000000c1a00000| Untracked 
|   5|0x00000000c1b00000, 0x00000000c1b00000, 0x00000000c1c00000|  0%| F|  |TAMS 0x00000000c1b00000, 0x00000000c1b00000| Untracked 
|   6|0x00000000c1c00000, 0x00000000c1c00000, 0x00000000c1d00000|  0%| F|  |TAMS 0x00000000c1c00000, 0x00000000c1c00000| Untracked 
|   7|0x00000000c1d00000, 0x00000000c1d00000, 0x00000000c1e00000|  0%| F|  |TAMS 0x00000000c1d00000, 0x00000000c1d00000| Untracked 
|   8|0x00000000c1e00000, 0x00000000c1e00000, 0x00000000c1f00000|  0%| F|  |TAMS 0x00000000c1e00000, 0x00000000c1e00000| Untracked 
|   9|0x00000000c1f00000, 0x00000000c1f00000, 0x00000000c2000000|  0%| F|  |TAMS 0x00000000c1f00000, 0x00000000c1f00000| Untracked 
|  10|0x00000000c2000000, 0x00000000c2000000, 0x00000000c2100000|  0%| F|  |TAMS 0x00000000c2000000, 0x00000000c2000000| Untracked 
|  11|0x00000000c2100000, 0x00000000c2100000, 0x00000000c2200000|  0%| F|  |TAMS 0x00000000c2100000, 0x00000000c2100000| Untracked 
|  12|0x00000000c2200000, 0x00000000c2200000, 0x00000000c2300000|  0%| F|  |TAMS 0x00000000c2200000, 0x00000000c2200000| Untracked 
|  13|0x00000000c2300000, 0x00000000c2300000, 0x00000000c2400000|  0%| F|  |TAMS 0x00000000c2300000, 0x00000000c2300000| Untracked 
|  14|0x00000000c2400000, 0x00000000c2400000, 0x00000000c2500000|  0%| F|  |TAMS 0x00000000c2400000, 0x00000000c2400000| Untracked 
|  15|0x00000000c2500000, 0x00000000c2500000, 0x00000000c2600000|  0%| F|  |TAMS 0x00000000c2500000, 0x00000000c2500000| Untracked 
|  16|0x00000000c2600000, 0x00000000c2600000, 0x00000000c2700000|  0%| F|  |TAMS 0x00000000c2600000, 0x00000000c2600000| Untracked 
|  17|0x00000000c2700000, 0x00000000c2700000, 0x00000000c2800000|  0%| F|  |TAMS 0x00000000c2700000, 0x00000000c2700000| Untracked 
|  18|0x00000000c2800000, 0x00000000c2800000, 0x00000000c2900000|  0%| F|  |TAMS 0x00000000c2800000, 0x00000000c2800000| Untracked 
|  19|0x00000000c2900000, 0x00000000c2900000, 0x00000000c2a00000|  0%| F|  |TAMS 0x00000000c2900000, 0x00000000c2900000| Untracked 
|  20|0x00000000c2a00000, 0x00000000c2a00000, 0x00000000c2b00000|  0%| F|  |TAMS 0x00000000c2a00000, 0x00000000c2a00000| Untracked 
|  21|0x00000000c2b00000, 0x00000000c2b00000, 0x00000000c2c00000|  0%| F|  |TAMS 0x00000000c2b00000, 0x00000000c2b00000| Untracked 
|  22|0x00000000c2c00000, 0x00000000c2c00000, 0x00000000c2d00000|  0%| F|  |TAMS 0x00000000c2c00000, 0x00000000c2c00000| Untracked 
|  23|0x00000000c2d00000, 0x00000000c2d00000, 0x00000000c2e00000|  0%| F|  |TAMS 0x00000000c2d00000, 0x00000000c2d00000| Untracked 
|  24|0x00000000c2e00000, 0x00000000c2e00000, 0x00000000c2f00000|  0%| F|  |TAMS 0x00000000c2e00000, 0x00000000c2e00000| Untracked 
|  25|0x00000000c2f00000, 0x00000000c2f00000, 0x00000000c3000000|  0%| F|  |TAMS 0x00000000c2f00000, 0x00000000c2f00000| Untracked 
|  26|0x00000000c3000000, 0x00000000c3000000, 0x00000000c3100000|  0%| F|  |TAMS 0x00000000c3000000, 0x00000000c3000000| Untracked 
|  27|0x00000000c3100000, 0x00000000c3100000, 0x00000000c3200000|  0%| F|  |TAMS 0x00000000c3100000, 0x00000000c3100000| Untracked 
|  28|0x00000000c3200000, 0x00000000c3200000, 0x00000000c3300000|  0%| F|  |TAMS 0x00000000c3200000, 0x00000000c3200000| Untracked 
|  29|0x00000000c3300000, 0x00000000c3300000, 0x00000000c3400000|  0%| F|  |TAMS 0x00000000c3300000, 0x00000000c3300000| Untracked 
|  30|0x00000000c3400000, 0x00000000c3400000, 0x00000000c3500000|  0%| F|  |TAMS 0x00000000c3400000, 0x00000000c3400000| Untracked 
|  31|0x00000000c3500000, 0x00000000c3500000, 0x00000000c3600000|  0%| F|  |TAMS 0x00000000c3500000, 0x00000000c3500000| Untracked 
|  32|0x00000000c3600000, 0x00000000c3600000, 0x00000000c3700000|  0%| F|  |TAMS 0x00000000c3600000, 0x00000000c3600000| Untracked 
|  33|0x00000000c3700000, 0x00000000c3700000, 0x00000000c3800000|  0%| F|  |TAMS 0x00000000c3700000, 0x00000000c3700000| Untracked 
|  34|0x00000000c3800000, 0x00000000c3800000, 0x00000000c3900000|  0%| F|  |TAMS 0x00000000c3800000, 0x00000000c3800000| Untracked 
|  35|0x00000000c3900000, 0x00000000c3900000, 0x00000000c3a00000|  0%| F|  |TAMS 0x00000000c3900000, 0x00000000c3900000| Untracked 
|  36|0x00000000c3a00000, 0x00000000c3a00000, 0x00000000c3b00000|  0%| F|  |TAMS 0x00000000c3a00000, 0x00000000c3a00000| Untracked 
|  37|0x00000000c3b00000, 0x00000000c3b00000, 0x00000000c3c00000|  0%| F|  |TAMS 0x00000000c3b00000, 0x00000000c3b00000| Untracked 
|  38|0x00000000c3c00000, 0x00000000c3c00000, 0x00000000c3d00000|  0%| F|  |TAMS 0x00000000c3c00000, 0x00000000c3c00000| Untracked 
|  39|0x00000000c3d00000, 0x00000000c3d00000, 0x00000000c3e00000|  0%| F|  |TAMS 0x00000000c3d00000, 0x00000000c3d00000| Untracked 
|  40|0x00000000c3e00000, 0x00000000c3e00000, 0x00000000c3f00000|  0%| F|  |TAMS 0x00000000c3e00000, 0x00000000c3e00000| Untracked 
|  41|0x00000000c3f00000, 0x00000000c3f00000, 0x00000000c4000000|  0%| F|  |TAMS 0x00000000c3f00000, 0x00000000c3f00000| Untracked 
|  42|0x00000000c4000000, 0x00000000c4000000, 0x00000000c4100000|  0%| F|  |TAMS 0x00000000c4000000, 0x00000000c4000000| Untracked 
|  43|0x00000000c4100000, 0x00000000c4100000, 0x00000000c4200000|  0%| F|  |TAMS 0x00000000c4100000, 0x00000000c4100000| Untracked 
|  44|0x00000000c4200000, 0x00000000c4200000, 0x00000000c4300000|  0%| F|  |TAMS 0x00000000c4200000, 0x00000000c4200000| Untracked 
|  45|0x00000000c4300000, 0x00000000c4300000, 0x00000000c4400000|  0%| F|  |TAMS 0x00000000c4300000, 0x00000000c4300000| Untracked 
|  46|0x00000000c4400000, 0x00000000c4400000, 0x00000000c4500000|  0%| F|  |TAMS 0x00000000c4400000, 0x00000000c4400000| Untracked 
|  47|0x00000000c4500000, 0x00000000c4500000, 0x00000000c4600000|  0%| F|  |TAMS 0x00000000c4500000, 0x00000000c4500000| Untracked 
|  48|0x00000000c4600000, 0x00000000c4600000, 0x00000000c4700000|  0%| F|  |TAMS 0x00000000c4600000, 0x00000000c4600000| Untracked 
|  49|0x00000000c4700000, 0x00000000c4700000, 0x00000000c4800000|  0%| F|  |TAMS 0x00000000c4700000, 0x00000000c4700000| Untracked 
|  50|0x00000000c4800000, 0x00000000c4800000, 0x00000000c4900000|  0%| F|  |TAMS 0x00000000c4800000, 0x00000000c4800000| Untracked 
|  51|0x00000000c4900000, 0x00000000c4900000, 0x00000000c4a00000|  0%| F|  |TAMS 0x00000000c4900000, 0x00000000c4900000| Untracked 
|  52|0x00000000c4a00000, 0x00000000c4a00000, 0x00000000c4b00000|  0%| F|  |TAMS 0x00000000c4a00000, 0x00000000c4a00000| Untracked 
|  53|0x00000000c4b00000, 0x00000000c4b00000, 0x00000000c4c00000|  0%| F|  |TAMS 0x00000000c4b00000, 0x00000000c4b00000| Untracked 
|  54|0x00000000c4c00000, 0x00000000c4c00000, 0x00000000c4d00000|  0%| F|  |TAMS 0x00000000c4c00000, 0x00000000c4c00000| Untracked 
|  55|0x00000000c4d00000, 0x00000000c4d00000, 0x00000000c4e00000|  0%| F|  |TAMS 0x00000000c4d00000, 0x00000000c4d00000| Untracked 
|  56|0x00000000c4e00000, 0x00000000c4e00000, 0x00000000c4f00000|  0%| F|  |TAMS 0x00000000c4e00000, 0x00000000c4e00000| Untracked 
|  57|0x00000000c4f00000, 0x00000000c4f00000, 0x00000000c5000000|  0%| F|  |TAMS 0x00000000c4f00000, 0x00000000c4f00000| Untracked 
|  58|0x00000000c5000000, 0x00000000c5000000, 0x00000000c5100000|  0%| F|  |TAMS 0x00000000c5000000, 0x00000000c5000000| Untracked 
|  59|0x00000000c5100000, 0x00000000c5100000, 0x00000000c5200000|  0%| F|  |TAMS 0x00000000c5100000, 0x00000000c5100000| Untracked 
|  60|0x00000000c5200000, 0x00000000c5200000, 0x00000000c5300000|  0%| F|  |TAMS 0x00000000c5200000, 0x00000000c5200000| Untracked 
|  61|0x00000000c5300000, 0x00000000c53ce420, 0x00000000c5400000| 80%| E|  |TAMS 0x00000000c5300000, 0x00000000c5300000| Complete 
|  62|0x00000000c5400000, 0x00000000c5500000, 0x00000000c5500000|100%| E|CS|TAMS 0x00000000c5400000, 0x00000000c5400000| Complete 
|  63|0x00000000c5500000, 0x00000000c5600000, 0x00000000c5600000|100%| E|CS|TAMS 0x00000000c5500000, 0x00000000c5500000| Complete 

Card table byte_map: [0x000002253f2c0000,0x000002253f4c0000] _byte_map_base: 0x000002253ecb5000

Marking Bits (Prev, Next): (CMBitMap*) 0x0000022526a5d430, (CMBitMap*) 0x0000022526a5d470
 Prev Bits: [0x000002253f6c0000, 0x0000022540668000)
 Next Bits: [0x0000022540670000, 0x0000022541618000)

Polling page: 0x0000022526b00000

Metaspace:

Usage:
  Non-class:      5.45 MB used.
      Class:    507.05 KB used.
       Both:      5.94 MB used.

Virtual space:
  Non-class space:        8.00 MB reserved,       5.56 MB ( 70%) committed,  1 nodes.
      Class space:        1.00 GB reserved,     512.00 KB ( <1%) committed,  1 nodes.
             Both:        1.01 GB reserved,       6.06 MB ( <1%) committed. 

Chunk freelists:
   Non-Class:  2.50 MB
       Class:  3.25 MB
        Both:  5.75 MB

MaxMetaspaceSize: unlimited
CompressedClassSpaceSize: 1.00 GB
Initial GC threshold: 21.00 MB
Current GC threshold: 21.00 MB
CDS: off
MetaspaceReclaimPolicy: balanced
 - commit_granule_bytes: 65536.
 - commit_granule_words: 8192.
 - virtual_space_node_default_size: 1048576.
 - enlarge_chunks_in_place: 1.
 - new_chunks_are_fully_committed: 0.
 - uncommit_free_chunks: 1.
 - use_allocation_guard: 0.
 - handle_deallocations: 1.


Internal statistics:

num_allocs_failed_limit: 0.
num_arena_births: 4.
num_arena_deaths: 0.
num_vsnodes_births: 2.
num_vsnodes_deaths: 0.
num_space_committed: 97.
num_space_uncommitted: 0.
num_chunks_returned_to_freelist: 0.
num_chunks_taken_from_freelist: 14.
num_chunk_merges: 0.
num_chunk_splits: 3.
num_chunks_enlarged: 0.
num_purges: 0.
num_inconsistent_stats: 0.

CodeHeap 'non-profiled nmethods': size=120000Kb used=45Kb max_used=45Kb free=119954Kb
 bounds [0x0000022537570000, 0x00000225377e0000, 0x000002253eaa0000]
CodeHeap 'profiled nmethods': size=120000Kb used=186Kb max_used=186Kb free=119813Kb
 bounds [0x000002252faa0000, 0x000002252fd10000, 0x0000022536fd0000]
CodeHeap 'non-nmethods': size=5760Kb used=1083Kb max_used=1095Kb free=4676Kb
 bounds [0x0000022536fd0000, 0x0000022537240000, 0x0000022537570000]
 total_blobs=515 nmethods=163 adapters=265
 compilation: enabled
              stopped_count=0, restarted_count=0
 full_count=0

Compilation events (20 events):
Event: 0.688 Thread 0x0000022543c407b0 nmethod 145 0x0000022537577910 code [0x0000022537577a80, 0x0000022537577b18]
Event: 0.689 Thread 0x0000022543c420c0 nmethod 147 0x000002252facda10 code [0x000002252facdbe0, 0x000002252facdfd8]
Event: 0.692 Thread 0x0000022543c420c0  149       3       java.io.RandomAccessFile::read (8 bytes)
Event: 0.692 Thread 0x0000022543c407b0  151       4       java.util.zip.ZipFile$Source::zipCoderForPos (39 bytes)
Event: 0.692 Thread 0x0000022543c420c0 nmethod 149 0x000002252face190 code [0x000002252face320, 0x000002252face468]
Event: 0.694 Thread 0x0000022543c407b0 nmethod 151 0x0000022537578010 code [0x0000022537578180, 0x0000022537578238]
Event: 0.694 Thread 0x0000022543c407b0  152   !   4       java.util.zip.ZipFile$Source::checkAndAddEntry (209 bytes)
Event: 0.699 Thread 0x0000022543c420c0  154       3       java.util.AbstractMap::<init> (5 bytes)
Event: 0.699 Thread 0x0000022543c420c0 nmethod 154 0x000002252face510 code [0x000002252face6a0, 0x000002252face7f8]
Event: 0.717 Thread 0x0000022543c407b0 nmethod 152 0x0000022537578310 code [0x00000225375784c0, 0x0000022537578bf8]
Event: 0.717 Thread 0x0000022543c407b0  155       4       java.util.zip.ZipFile$Source::isMetaName (141 bytes)
Event: 0.725 Thread 0x0000022543c407b0 nmethod 155 0x0000022537579210 code [0x00000225375793a0, 0x00000225375795f8]
Event: 0.726 Thread 0x0000022543c407b0  153       4       java.lang.String::hashCode (60 bytes)
Event: 0.732 Thread 0x0000022543c420c0  157       1       java.lang.Enum::ordinal (5 bytes)
Event: 0.733 Thread 0x0000022543c420c0 nmethod 157 0x0000022537579b10 code [0x0000022537579ca0, 0x0000022537579d78]
Event: 0.734 Thread 0x0000022543c420c0  158       1       java.lang.Class::getClassLoader0 (5 bytes)
Event: 0.735 Thread 0x0000022543c420c0 nmethod 158 0x0000022537579e10 code [0x0000022537579fa0, 0x000002253757a078]
Event: 0.736 Thread 0x0000022543c407b0 nmethod 153 0x000002253757a410 code [0x000002253757a580, 0x000002253757a778]
Event: 0.736 Thread 0x0000022543c420c0  160       1       java.lang.module.ModuleDescriptor::isOpen (5 bytes)
Event: 0.736 Thread 0x0000022543c420c0 nmethod 160 0x000002253757a890 code [0x000002253757aa20, 0x000002253757aaf8]

GC Heap History (0 events):
No events

Deoptimization events (0 events):
No events

Classes unloaded (0 events):
No events

Classes redefined (0 events):
No events

Internal exceptions (0 events):
No events

VM Operations (0 events):
No events

Events (20 events):
Event: 0.730 loading class java/lang/invoke/InvokerBytecodeGenerator done
Event: 0.731 loading class java/lang/invoke/InvokerBytecodeGenerator$2
Event: 0.732 loading class java/lang/invoke/InvokerBytecodeGenerator$2 done
Event: 0.732 loading class java/lang/invoke/MethodHandleImpl$Intrinsic
Event: 0.732 loading class java/lang/invoke/MethodHandleImpl$Intrinsic done
Event: 0.736 loading class java/lang/invoke/BootstrapMethodInvoker
Event: 0.736 loading class java/lang/invoke/BootstrapMethodInvoker done
Event: 0.737 loading class java/lang/invoke/VarHandle$AccessMode
Event: 0.737 loading class java/lang/invoke/VarHandle$AccessMode done
Event: 0.737 loading class java/lang/invoke/VarHandle$AccessType
Event: 0.737 loading class java/lang/invoke/VarHandle$AccessType done
Event: 0.737 loading class java/lang/invoke/Invokers$Holder
Event: 0.737 loading class java/lang/invoke/Invokers$Holder done
Event: 0.738 loading class java/lang/invoke/MethodHandleImpl$1
Event: 0.739 loading class jdk/internal/access/JavaLangInvokeAccess
Event: 0.739 loading class jdk/internal/access/JavaLangInvokeAccess done
Event: 0.739 loading class java/lang/invoke/MethodHandleImpl$1 done
Event: 0.739 loading class java/lang/invoke/InnerClassLambdaMetafactory
Event: 0.739 loading class java/lang/invoke/AbstractValidatingLambdaMetafactory
Event: 0.739 loading class java/lang/invoke/AbstractValidatingLambdaMetafactory done


Dynamic libraries:
0x00007ff7214f0000 - 0x00007ff721500000 	C:\Program Files\Java\jdk-17\bin\javaw.exe
0x00007ffe86e10000 - 0x00007ffe87008000 	C:\Windows\SYSTEM32\ntdll.dll
0x00007ffe85e80000 - 0x00007ffe85f3d000 	C:\Windows\System32\KERNEL32.DLL
0x00007ffe84a70000 - 0x00007ffe84d66000 	C:\Windows\System32\KERNELBASE.dll
0x00007ffe84d70000 - 0x00007ffe84e70000 	C:\Windows\System32\ucrtbase.dll
0x00007ffe7eb20000 - 0x00007ffe7eb3b000 	C:\Program Files\Java\jdk-17\bin\VCRUNTIME140.dll
0x00007ffe7bd40000 - 0x00007ffe7bd59000 	C:\Program Files\Java\jdk-17\bin\jli.dll
0x00007ffe84e70000 - 0x00007ffe84f1f000 	C:\Windows\System32\ADVAPI32.dll
0x00007ffe85b20000 - 0x00007ffe85bbe000 	C:\Windows\System32\msvcrt.dll
0x00007ffe85970000 - 0x00007ffe85a0c000 	C:\Windows\System32\sechost.dll
0x00007ffe86380000 - 0x00007ffe864a6000 	C:\Windows\System32\RPCRT4.dll
0x00007ffe70ff0000 - 0x00007ffe7128a000 	C:\Windows\WinSxS\amd64_microsoft.windows.common-controls_6595b64144ccf1df_6.0.19041.3636_none_60b6a03d71f818d5\COMCTL32.dll
0x00007ffe85ce0000 - 0x00007ffe85e7e000 	C:\Windows\System32\USER32.dll
0x00007ffe85af0000 - 0x00007ffe85b1c000 	C:\Windows\System32\GDI32.dll
0x00007ffe84890000 - 0x00007ffe848b2000 	C:\Windows\System32\win32u.dll
0x00007ffe844f0000 - 0x00007ffe8460a000 	C:\Windows\System32\gdi32full.dll
0x00007ffe848c0000 - 0x00007ffe8495d000 	C:\Windows\System32\msvcp_win.dll
0x00007ffe7a310000 - 0x00007ffe7a31a000 	C:\Windows\SYSTEM32\VERSION.dll
0x00007ffe851e0000 - 0x00007ffe85210000 	C:\Windows\System32\IMM32.DLL
0x00007ffe7f700000 - 0x00007ffe7f70c000 	C:\Program Files\Java\jdk-17\bin\vcruntime140_1.dll
0x00007ffe70df0000 - 0x00007ffe70e7e000 	C:\Program Files\Java\jdk-17\bin\msvcp140.dll
0x00007ffe728f0000 - 0x00007ffe734cd000 	C:\Program Files\Java\jdk-17\bin\server\jvm.dll
0x00007ffe85ae0000 - 0x00007ffe85ae8000 	C:\Windows\System32\PSAPI.DLL
0x00007ffe77c80000 - 0x00007ffe77ca7000 	C:\Windows\SYSTEM32\WINMM.dll
0x00007ffe75250000 - 0x00007ffe75259000 	C:\Windows\SYSTEM32\WSOCK32.dll
0x00007ffe858a0000 - 0x00007ffe8590b000 	C:\Windows\System32\WS2_32.dll
0x00007ffe823b0000 - 0x00007ffe823c2000 	C:\Windows\SYSTEM32\kernel.appcore.dll
0x00007ffe73fd0000 - 0x00007ffe73fda000 	C:\Program Files\Java\jdk-17\bin\jimage.dll
0x00007ffe7d790000 - 0x00007ffe7d974000 	C:\Windows\SYSTEM32\DBGHELP.DLL
0x00007ffe7d3b0000 - 0x00007ffe7d3e4000 	C:\Windows\SYSTEM32\dbgcore.DLL
0x00007ffe84990000 - 0x00007ffe84a12000 	C:\Windows\System32\bcryptPrimitives.dll
0x00007ffe73fa0000 - 0x00007ffe73fc5000 	C:\Program Files\Java\jdk-17\bin\java.dll
0x00007ffe6f120000 - 0x00007ffe6f1f7000 	C:\Program Files\Java\jdk-17\bin\jsvml.dll
0x00007ffe865f0000 - 0x00007ffe86d35000 	C:\Windows\System32\SHELL32.dll
0x00007ffe825b0000 - 0x00007ffe82d4b000 	C:\Windows\SYSTEM32\windows.storage.dll
0x00007ffe85f40000 - 0x00007ffe86294000 	C:\Windows\System32\combase.dll
0x00007ffe83f30000 - 0x00007ffe83f5d000 	C:\Windows\SYSTEM32\Wldp.dll
0x00007ffe85a10000 - 0x00007ffe85abd000 	C:\Windows\System32\SHCORE.dll
0x00007ffe862a0000 - 0x00007ffe862f5000 	C:\Windows\System32\shlwapi.dll
0x00007ffe84420000 - 0x00007ffe84445000 	C:\Windows\SYSTEM32\profapi.dll
0x00007ffe70b30000 - 0x00007ffe70b49000 	C:\Program Files\Java\jdk-17\bin\net.dll
0x00007ffe7e6f0000 - 0x00007ffe7e7fa000 	C:\Windows\SYSTEM32\WINHTTP.dll
0x00007ffe83c90000 - 0x00007ffe83cfa000 	C:\Windows\system32\mswsock.dll
0x00007ffe701a0000 - 0x00007ffe701b6000 	C:\Program Files\Java\jdk-17\bin\nio.dll
0x00007ffe6efc0000 - 0x00007ffe6efd8000 	C:\Program Files\Java\jdk-17\bin\zip.dll

dbghelp: loaded successfully - version: 4.0.5 - missing functions: none
symbol engine: initialized successfully - sym options: 0x614 - pdb path: .;C:\Program Files\Java\jdk-17\bin;C:\Windows\SYSTEM32;C:\Windows\WinSxS\amd64_microsoft.windows.common-controls_6595b64144ccf1df_6.0.19041.3636_none_60b6a03d71f818d5;C:\Program Files\Java\jdk-17\bin\server

VM Arguments:
jvm_args: -Dfile.encoding=UTF-8 -Dstdout.encoding=UTF-8 -Dstderr.encoding=UTF-8 -XX:+ShowCodeDetailsInExceptionMessages 
java_command: Reception
java_class_path (initial): F:\JAVA_Eclipse\Hotal\build\classes;C:\apache-tomcat-9.0.83-windows-x64\apache-tomcat-9.0.83\lib\annotations-api.jar;C:\apache-tomcat-9.0.83-windows-x64\apache-tomcat-9.0.83\lib\catalina-ant.jar;C:\apache-tomcat-9.0.83-windows-x64\apache-tomcat-9.0.83\lib\catalina-ha.jar;C:\apache-tomcat-9.0.83-windows-x64\apache-tomcat-9.0.83\lib\catalina-ssi.jar;C:\apache-tomcat-9.0.83-windows-x64\apache-tomcat-9.0.83\lib\catalina-storeconfig.jar;C:\apache-tomcat-9.0.83-windows-x64\apache-tomcat-9.0.83\lib\catalina-tribes.jar;C:\apache-tomcat-9.0.83-windows-x64\apache-tomcat-9.0.83\lib\catalina.jar;C:\apache-tomcat-9.0.83-windows-x64\apache-tomcat-9.0.83\lib\ecj-4.20.jar;C:\apache-tomcat-9.0.83-windows-x64\apache-tomcat-9.0.83\lib\el-api.jar;C:\apache-tomcat-9.0.83-windows-x64\apache-tomcat-9.0.83\lib\jasper-el.jar;C:\apache-tomcat-9.0.83-windows-x64\apache-tomcat-9.0.83\lib\jasper.jar;C:\apache-tomcat-9.0.83-windows-x64\apache-tomcat-9.0.83\lib\jaspic-api.jar;C:\apache-tomcat-9.0.83-windows-x64\apache-tomcat-9.0.83\lib\jsp-api.jar;C:\apache-tomcat-9.0.83-windows-x64\apache-tomcat-9.0.83\lib\servlet-api.jar;C:\apache-tomcat-9.0.83-windows-x64\apache-tomcat-9.0.83\lib\tomcat-api.jar;C:\apache-tomcat-9.0.83-windows-x64\apache-tomcat-9.0.83\lib\tomcat-coyote.jar;C:\apache-tomcat-9.0.83-windows-x64\apache-tomcat-9.0.83\lib\tomcat-dbcp.jar;C:\apache-tomcat-9.0.83-windows-x64\apache-tomcat-9.0.83\lib\tomcat-i18n-cs.jar;C:\apache-tomcat-9.0.83-windows-x64\apache-tomcat-9.0.83\lib\tomcat-i18n-de.jar;C:\apache-tomcat-9.0.83-windows-x64\apache-tomcat-9.0.83\lib\tomcat-i18n-es.jar;C:\apache-tomcat-9.0.83-windows-x64\apache-tomcat-9.0.83\lib\tomcat-i18n-fr.jar;C:\apache-tomcat-9.0.83-windows-x64\apache-tomcat-9.0.83\lib\tomcat-i18n-ja.jar;C:\apache-tomcat-9.0.83-windows-x64\apache-tomcat-9.0.83\lib\tomcat-i18n-ko.jar;C:\apache-tomcat-9.0.83-windows-x64\apache-tomcat-9.0.83\lib\tomcat-i18n-pt-BR.jar;C:\apache-tomcat-9.0.83-windows-x64\apache-tomcat-9.0.83\lib\tomca
Launcher Type: SUN_STANDARD

[Global flags]
     intx CICompilerCount                          = 3                                         {product} {ergonomic}
     uint ConcGCThreads                            = 1                                         {product} {ergonomic}
     uint G1ConcRefinementThreads                  = 4                                         {product} {ergonomic}
   size_t G1HeapRegionSize                         = 1048576                                   {product} {ergonomic}
    uintx GCDrainStackTargetSize                   = 64                                        {product} {ergonomic}
   size_t InitialHeapSize                          = 67108864                                  {product} {ergonomic}
   size_t MarkStackSize                            = 4194304                                   {product} {ergonomic}
   size_t MaxHeapSize                              = 1050673152                                {product} {ergonomic}
   size_t MaxNewSize                               = 630194176                                 {product} {ergonomic}
   size_t MinHeapDeltaBytes                        = 1048576                                   {product} {ergonomic}
   size_t MinHeapSize                              = 8388608                                   {product} {ergonomic}
    uintx NonNMethodCodeHeapSize                   = 5832780                                {pd product} {ergonomic}
    uintx NonProfiledCodeHeapSize                  = 122912730                              {pd product} {ergonomic}
    uintx ProfiledCodeHeapSize                     = 122912730                              {pd product} {ergonomic}
    uintx ReservedCodeCacheSize                    = 251658240                              {pd product} {ergonomic}
     bool SegmentedCodeCache                       = true                                      {product} {ergonomic}
     bool ShowCodeDetailsInExceptionMessages       = true                                   {manageable} {command line}
   size_t SoftMaxHeapSize                          = 1050673152                             {manageable} {ergonomic}
     bool UseCompressedClassPointers               = true                           {product lp64_product} {ergonomic}
     bool UseCompressedOops                        = true                           {product lp64_product} {ergonomic}
     bool UseG1GC                                  = true                                      {product} {ergonomic}
     bool UseLargePagesIndividualAllocation        = false                                  {pd product} {ergonomic}

Logging:
Log output configuration:
 #0: stdout all=warning uptime,level,tags
 #1: stderr all=off uptime,level,tags

Environment Variables:
PATH=C:\oraclexe\app\oracle\product\11.2.0\server\bin;;C:\Program Files\Common Files\Oracle\Java\javapath;C:\Windows\system32;C:\Windows;C:\Windows\System32\Wbem;C:\Windows\System32\WindowsPowerShell\v1.0\;C:\Windows\System32\OpenSSH\;C:\Program Files\MySQL\MySQL Shell 8.0\bin\;C:\Users\WIN 10\AppData\Local\Microsoft\WindowsApps;;C:\App\Microsoft VS Code\bin
USERNAME=WIN 10
OS=Windows_NT
PROCESSOR_IDENTIFIER=Intel64 Family 6 Model 69 Stepping 1, GenuineIntel



---------------  S Y S T E M  ---------------

OS:
 Windows 10 , 64 bit Build 19041 (10.0.19041.3636)
OS uptime: 4 days 4:26 hours

CPU: total 4 (initial active 4) (2 cores per cpu, 2 threads per core) family 6 model 69 stepping 1 microcode 0x25, cx8, cmov, fxsr, ht, mmx, sse, sse2, sse3, ssse3, sse4.1, sse4.2, popcnt, lzcnt, tsc, tscinvbit, avx, avx2, aes, erms, clmul, bmi1, bmi2, fma, vzeroupper, clflush

Memory: 4k page, system-wide physical 4000M (272M free)
TotalPageFile size 16288M (AvailPageFile size 0M)
current process WorkingSet (physical memory assigned to process): 32M, peak: 32M
current process commit charge ("private bytes"): 131M, peak: 131M

vm_info: Java HotSpot(TM) 64-Bit Server VM (17.0.7+8-LTS-224) for windows-amd64 JRE (17.0.7+8-LTS-224), built on Feb 28 2023 23:03:02 by "mach5one" with MS VC++ 17.1 (VS2022)

END.
